Mock Version: 1.4.6
ENTER ['do'](['bash', '--login', '-c', '/usr/bin/rpmbuild -bs --target x86_64 --nodeps /builddir/build/SPECS/nethserver-omd.spec'], nspawn_args=['--private-network']shell=Falseuid=1001env={'LANG': 'C', 'TERM': 'vt100', 'SHELL': '/bin/bash', 'HOSTNAME': 'mock', 'PROMPT_COMMAND': 'printf "\\033]0;<mock-chroot>\\007"', 'HOME': '/builddir', 'PATH': '/usr/bin:/bin:/usr/sbin:/sbin', 'PS1': '<mock-chroot> \\s-\\v\\$ '}chrootPath='/var/lib/mock/nethserver-7-x86_64/root'gid=135user='mockbuild'timeout=0logger=<mockbuild.trace_decorator.getLog object at 0x2899610>printOutput=True)
Executing command: ['/usr/bin/systemd-nspawn', '-q', '-M', 'a74ffffdca91425e81125ed83937cd45', '-D', '/var/lib/mock/nethserver-7-x86_64/root', '--private-network', '--setenv=LANG=C', '--setenv=TERM=vt100', '--setenv=SHELL=/bin/bash', '--setenv=HOSTNAME=mock', '--setenv=PROMPT_COMMAND=printf "\\033]0;<mock-chroot>\\007"', '--setenv=HOME=/builddir', '--setenv=PATH=/usr/bin:/bin:/usr/sbin:/sbin', '--setenv=PS1=<mock-chroot> \\s-\\v\\$ ', '-u', 'mockbuild', 'bash', '--login', '-c', '/usr/bin/rpmbuild -bs --target x86_64 --nodeps /builddir/build/SPECS/nethserver-omd.spec'] with env {'LANG': 'C', 'TERM': 'vt100', 'SHELL': '/bin/bash', 'HOSTNAME': 'mock', 'PROMPT_COMMAND': 'printf "\\033]0;<mock-chroot>\\007"', 'HOME': '/builddir', 'PATH': '/usr/bin:/bin:/usr/sbin:/sbin', 'PS1': '<mock-chroot> \\s-\\v\\$ '} and shell False
Failed to create directory /var/lib/mock/nethserver-7-x86_64/root//sys/fs/selinux: No such file or directory
Failed to create directory /var/lib/mock/nethserver-7-x86_64/root//sys/fs/selinux: No such file or directory
Building target platforms: x86_64
Building for target x86_64
Wrote: /builddir/build/SRPMS/nethserver-omd-0.1.0-1.ns7.src.rpm
warning: bogus date in %changelog: Fri Nov 11 2017 Markus Neuberger <info@markusneuberger.at> - 0.1.0-1
Child return code was: 0
Mock Version: 1.4.6
ENTER ['do'](['bash', '--login', '-c', '/usr/bin/rpmbuild -bs --target x86_64 --nodeps /builddir/build/SPECS/nethserver-omd.spec'], nspawn_args=['--private-network']shell=Falseuid=1001env={'LANG': 'C', 'TERM': 'vt100', 'SHELL': '/bin/bash', 'HOSTNAME': 'mock', 'PROMPT_COMMAND': 'printf "\\033]0;<mock-chroot>\\007"', 'HOME': '/builddir', 'PATH': '/usr/bin:/bin:/usr/sbin:/sbin', 'PS1': '<mock-chroot> \\s-\\v\\$ '}chrootPath='/var/lib/mock/nethserver-7-x86_64/root'gid=135user='mockbuild'timeout=0logger=<mockbuild.trace_decorator.getLog object at 0x16de610>printOutput=True)
Executing command: ['/usr/bin/systemd-nspawn', '-q', '-M', '37bd64b1cd9d45ca86662c2f422707ca', '-D', '/var/lib/mock/nethserver-7-x86_64/root', '--private-network', '--setenv=LANG=C', '--setenv=TERM=vt100', '--setenv=SHELL=/bin/bash', '--setenv=HOSTNAME=mock', '--setenv=PROMPT_COMMAND=printf "\\033]0;<mock-chroot>\\007"', '--setenv=HOME=/builddir', '--setenv=PATH=/usr/bin:/bin:/usr/sbin:/sbin', '--setenv=PS1=<mock-chroot> \\s-\\v\\$ ', '-u', 'mockbuild', 'bash', '--login', '-c', '/usr/bin/rpmbuild -bs --target x86_64 --nodeps /builddir/build/SPECS/nethserver-omd.spec'] with env {'LANG': 'C', 'TERM': 'vt100', 'SHELL': '/bin/bash', 'HOSTNAME': 'mock', 'PROMPT_COMMAND': 'printf "\\033]0;<mock-chroot>\\007"', 'HOME': '/builddir', 'PATH': '/usr/bin:/bin:/usr/sbin:/sbin', 'PS1': '<mock-chroot> \\s-\\v\\$ '} and shell False
Failed to create directory /var/lib/mock/nethserver-7-x86_64/root//sys/fs/selinux: No such file or directory
Failed to create directory /var/lib/mock/nethserver-7-x86_64/root//sys/fs/selinux: No such file or directory
Building target platforms: x86_64
Building for target x86_64
Wrote: /builddir/build/SRPMS/nethserver-omd-0.1.0-1.ns7.src.rpm
warning: bogus date in %changelog: Fri Nov 11 2017 Markus Neuberger <info@markusneuberger.at> - 0.1.0-1
Child return code was: 0
ENTER ['do'](['bash', '--login', '-c', u'/usr/bin/rpmbuild -bb --target x86_64 --nodeps /builddir/build/SPECS/nethserver-omd.spec'], nspawn_args=['--private-network']shell=Falseuid=1001env={'LANG': 'C', 'TERM': 'vt100', 'SHELL': '/bin/bash', 'HOSTNAME': 'mock', 'PROMPT_COMMAND': 'printf "\\033]0;<mock-chroot>\\007"', 'HOME': '/builddir', 'PATH': '/usr/bin:/bin:/usr/sbin:/sbin', 'PS1': '<mock-chroot> \\s-\\v\\$ '}chrootPath='/var/lib/mock/nethserver-7-x86_64/root'gid=135user='mockbuild'timeout=0logger=<mockbuild.trace_decorator.getLog object at 0x16de610>printOutput=True)
Executing command: ['/usr/bin/systemd-nspawn', '-q', '-M', '7f593813873a4607a317e2fc07844ca7', '-D', '/var/lib/mock/nethserver-7-x86_64/root', '--private-network', '--setenv=LANG=C', '--setenv=TERM=vt100', '--setenv=SHELL=/bin/bash', '--setenv=HOSTNAME=mock', '--setenv=PROMPT_COMMAND=printf "\\033]0;<mock-chroot>\\007"', '--setenv=HOME=/builddir', '--setenv=PATH=/usr/bin:/bin:/usr/sbin:/sbin', '--setenv=PS1=<mock-chroot> \\s-\\v\\$ ', '-u', 'mockbuild', 'bash', '--login', '-c', u'/usr/bin/rpmbuild -bb --target x86_64 --nodeps /builddir/build/SPECS/nethserver-omd.spec'] with env {'LANG': 'C', 'TERM': 'vt100', 'SHELL': '/bin/bash', 'HOSTNAME': 'mock', 'PROMPT_COMMAND': 'printf "\\033]0;<mock-chroot>\\007"', 'HOME': '/builddir', 'PATH': '/usr/bin:/bin:/usr/sbin:/sbin', 'PS1': '<mock-chroot> \\s-\\v\\$ '} and shell False
Failed to create directory /var/lib/mock/nethserver-7-x86_64/root//sys/fs/selinux: No such file or directory
Failed to create directory /var/lib/mock/nethserver-7-x86_64/root//sys/fs/selinux: No such file or directory
Building target platforms: x86_64
Building for target x86_64
Executing(%prep): /bin/sh -e /var/tmp/rpm-tmp.egxHv3
warning: bogus date in %changelog: Fri Nov 11 2017 Markus Neuberger <info@markusneuberger.at> - 0.1.0-1
+ umask 022
+ cd /builddir/build/BUILD
+ cd /builddir/build/BUILD
+ rm -rf nethserver-omd-0.1.0
+ /usr/bin/gzip -dc /builddir/build/SOURCES/nethserver-omd-0.1.0.tar.gz
drwxr-xr-x mrmarkuz@cmb.local/locals@cmb.local 0 2017-11-17 22:39 nethserver-omd-0.1.0/
-rw-r--r-- mrmarkuz@cmb.local/locals@cmb.local 35147 2017-11-17 22:39 nethserver-omd-0.1.0/COPYING
-rw-r--r-- mrmarkuz@cmb.local/locals@cmb.local   139 2017-11-17 22:39 nethserver-omd-0.1.0/README.rst
-rwxr-xr-x mrmarkuz@cmb.local/locals@cmb.local  1256 2017-11-17 22:39 nethserver-omd-0.1.0/createlinks
-rw-r--r-- mrmarkuz@cmb.local/locals@cmb.local   755 2017-11-17 22:39 nethserver-omd-0.1.0/nethserver-omd.spec
drwxr-xr-x mrmarkuz@cmb.local/locals@cmb.local     0 2017-11-17 22:39 nethserver-omd-0.1.0/root/
drwxr-xr-x mrmarkuz@cmb.local/locals@cmb.local     0 2017-11-17 22:39 nethserver-omd-0.1.0/root/etc/
drwxr-xr-x mrmarkuz@cmb.local/locals@cmb.local     0 2017-11-17 22:39 nethserver-omd-0.1.0/root/etc/e-smith/
drwxr-xr-x mrmarkuz@cmb.local/locals@cmb.local     0 2017-11-17 22:39 nethserver-omd-0.1.0/root/etc/e-smith/db/
drwxr-xr-x mrmarkuz@cmb.local/locals@cmb.local     0 2017-11-17 22:39 nethserver-omd-0.1.0/root/etc/e-smith/db/configuration/
drwxr-xr-x mrmarkuz@cmb.local/locals@cmb.local     0 2017-11-17 22:39 nethserver-omd-0.1.0/root/etc/e-smith/db/configuration/defaults/
drwxr-xr-x mrmarkuz@cmb.local/locals@cmb.local     0 2017-11-17 22:39 nethserver-omd-0.1.0/root/etc/e-smith/db/configuration/defaults/postgresql/
-rw-r--r-- mrmarkuz@cmb.local/locals@cmb.local     5 2017-11-17 22:39 nethserver-omd-0.1.0/root/etc/e-smith/db/configuration/defaults/postgresql/TCPPort
-rw-r--r-- mrmarkuz@cmb.local/locals@cmb.local     5 2017-11-17 22:39 nethserver-omd-0.1.0/root/etc/e-smith/db/configuration/defaults/postgresql/access
-rw-r--r-- mrmarkuz@cmb.local/locals@cmb.local     8 2017-11-17 22:39 nethserver-omd-0.1.0/root/etc/e-smith/db/configuration/defaults/postgresql/status
-rw-r--r-- mrmarkuz@cmb.local/locals@cmb.local     8 2017-11-17 22:39 nethserver-omd-0.1.0/root/etc/e-smith/db/configuration/defaults/postgresql/type
drwxr-xr-x mrmarkuz@cmb.local/locals@cmb.local     0 2017-11-17 22:39 nethserver-omd-0.1.0/root/etc/e-smith/events/
drwxr-xr-x mrmarkuz@cmb.local/locals@cmb.local     0 2017-11-17 22:39 nethserver-omd-0.1.0/root/etc/e-smith/events/actions/
-rwxr-xr-x mrmarkuz@cmb.local/locals@cmb.local   106 2017-11-17 22:39 nethserver-omd-0.1.0/root/etc/e-smith/events/actions/nethserver-postgresql-conf
drwxr-xr-x mrmarkuz@cmb.local/locals@cmb.local     0 2017-11-17 22:39 nethserver-omd-0.1.0/root/etc/e-smith/templates/
drwxr-xr-x mrmarkuz@cmb.local/locals@cmb.local     0 2017-11-17 22:39 nethserver-omd-0.1.0/root/etc/e-smith/templates/var/
drwxr-xr-x mrmarkuz@cmb.local/locals@cmb.local     0 2017-11-17 22:39 nethserver-omd-0.1.0/root/etc/e-smith/templates/var/lib/
drwxr-xr-x mrmarkuz@cmb.local/locals@cmb.local     0 2017-11-17 22:39 nethserver-omd-0.1.0/root/etc/e-smith/templates/var/lib/pgsql/
drwxr-xr-x mrmarkuz@cmb.local/locals@cmb.local     0 2017-11-17 22:39 nethserver-omd-0.1.0/root/etc/e-smith/templates/var/lib/pgsql/data/
drwxr-xr-x mrmarkuz@cmb.local/locals@cmb.local     0 2017-11-17 22:39 nethserver-omd-0.1.0/root/etc/e-smith/templates/var/lib/pgsql/data/pg_hba.conf/
-rw-r--r-- mrmarkuz@cmb.local/locals@cmb.local  3126 2017-11-17 22:39 nethserver-omd-0.1.0/root/etc/e-smith/templates/var/lib/pgsql/data/pg_hba.conf/10base
-rw-r--r-- mrmarkuz@cmb.local/locals@cmb.local   340 2017-11-17 22:39 nethserver-omd-0.1.0/root/etc/e-smith/templates/var/lib/pgsql/data/pg_hba.conf/20auth
+ /usr/bin/tar -xvvf -
+ STATUS=0
+ '[' 0 -ne 0 ']'
+ cd nethserver-omd-0.1.0
+ /usr/bin/chmod -Rf a+rX,u+w,g-w,o-w .
+ exit 0
Executing(%build): /bin/sh -e /var/tmp/rpm-tmp.1SX19U
+ umask 022
+ cd /builddir/build/BUILD
+ cd nethserver-omd-0.1.0
+ perl createlinks
+ exit 0
Executing(%install): /bin/sh -e /var/tmp/rpm-tmp.4c9QTM
+ umask 022
+ cd /builddir/build/BUILD
+ '[' /builddir/build/BUILDROOT/nethserver-omd-0.1.0-1.ns7.x86_64 '!=' / ']'
+ rm -rf /builddir/build/BUILDROOT/nethserver-omd-0.1.0-1.ns7.x86_64
++ dirname /builddir/build/BUILDROOT/nethserver-omd-0.1.0-1.ns7.x86_64
+ mkdir -p /builddir/build/BUILDROOT
+ mkdir /builddir/build/BUILDROOT/nethserver-omd-0.1.0-1.ns7.x86_64
+ cd nethserver-omd-0.1.0
+ rm -rf /builddir/build/BUILDROOT/nethserver-omd-0.1.0-1.ns7.x86_64
+ cd root
+ find . -depth -print
+ cpio -dump /builddir/build/BUILDROOT/nethserver-omd-0.1.0-1.ns7.x86_64
8 blocks
+ /usr/bin/genfilelist /builddir/build/BUILDROOT/nethserver-omd-0.1.0-1.ns7.x86_64
+ /usr/lib/rpm/find-debuginfo.sh --strict-build-id -m --run-dwz --dwz-low-mem-die-limit 10000000 --dwz-max-die-limit 110000000 /builddir/build/BUILD/nethserver-omd-0.1.0
/usr/lib/rpm/sepdebugcrcfix: Updated 0 CRC32s, 0 CRC32s did match.
+ /usr/lib/rpm/check-buildroot
+ /usr/lib/rpm/redhat/brp-compress
+ /usr/lib/rpm/redhat/brp-strip-static-archive /usr/bin/strip
+ /usr/lib/rpm/brp-python-bytecompile /usr/bin/python 1
+ /usr/lib/rpm/redhat/brp-python-hardlink
+ /usr/lib/rpm/redhat/brp-java-repack-jars
Processing files: nethserver-omd-0.1.0-1.ns7.noarch
Executing(%doc): /bin/sh -e /var/tmp/rpm-tmp.7j1o9E
+ umask 022
+ cd /builddir/build/BUILD
+ cd nethserver-omd-0.1.0
+ DOCDIR=/builddir/build/BUILDROOT/nethserver-omd-0.1.0-1.ns7.x86_64/usr/share/doc/nethserver-omd-0.1.0
+ export DOCDIR
+ /usr/bin/mkdir -p /builddir/build/BUILDROOT/nethserver-omd-0.1.0-1.ns7.x86_64/usr/share/doc/nethserver-omd-0.1.0
+ cp -pr COPYING /builddir/build/BUILDROOT/nethserver-omd-0.1.0-1.ns7.x86_64/usr/share/doc/nethserver-omd-0.1.0
+ exit 0
Provides: nethserver-omd = 0.1.0-1.ns7
Requires(interp): /bin/sh /bin/sh
Requires(rpmlib): rpmlib(CompressedFileNames) <= 3.0.4-1 rpmlib(FileDigests) <= 4.6.0-1 rpmlib(PayloadFilesHavePrefix) <= 4.0-1
Requires(post): /bin/sh
Requires(preun): /bin/sh
Requires: /bin/bash
Checking for unpackaged file(s): /usr/lib/rpm/check-files /builddir/build/BUILDROOT/nethserver-omd-0.1.0-1.ns7.x86_64
Wrote: /builddir/build/RPMS/nethserver-omd-0.1.0-1.ns7.noarch.rpm
Executing(%clean): /bin/sh -e /var/tmp/rpm-tmp.7s0s0p
+ umask 022
+ cd /builddir/build/BUILD
+ cd nethserver-omd-0.1.0
+ /usr/bin/rm -rf /builddir/build/BUILDROOT/nethserver-omd-0.1.0-1.ns7.x86_64
+ exit 0
Child return code was: 0
