CPU info:
Architecture:          x86_64
CPU op-mode(s):        32-bit, 64-bit
Byte Order:            Little Endian
CPU(s):                1
On-line CPU(s) list:   0
Thread(s) per core:    1
Core(s) per socket:    1
Socket(s):             1
NUMA node(s):          1
Vendor ID:             GenuineIntel
CPU family:            6
Model:                 42
Model name:            Intel(R) Core(TM) i3-2130 CPU @ 3.40GHz
Stepping:              7
CPU MHz:               3502.003
BogoMIPS:              7004.00
Hypervisor vendor:     VMware
Virtualization type:   full
L1d cache:             32K
L1i cache:             32K
L2 cache:              256K
L3 cache:              3072K
NUMA node0 CPU(s):     0
Flags:                 fpu vme de pse tsc msr pae mce cx8 apic sep mtrr pge mca cmov pat pse36 clflush mmx fxsr sse sse2 ss syscall nx rdtscp lm constant_tsc arch_perfmon nopl xtopology tsc_reliable nonstop_tsc pni pclmulqdq ssse3 cx16 pcid sse4_1 sse4_2 x2apic popcnt tsc_deadline_timer xsave avx hypervisor lahf_lm tsc_adjust arat


Memory:
              total        used        free      shared  buff/cache   available
Mem:        1867024      165960      529984        9092     1171080     1470820
Swap:       2097148           0     2097148


Storage:
Filesystem                    Size  Used Avail Use% Mounted on
/dev/mapper/VolGroup-lv_root   19G  2.7G   16G  15% /
