centos-release-7-4.1708.el7.centos.x86_64 1504108389 37949 97e4c1f1e9c487ab5400a6ae5b3f3f5c installed
filesystem-3.2-21.el7.x86_64 1478360354 0 85f1060f0008732d497d001e9ef51444 installed
python-rpm-macros-3-17.el7.noarch 1489088731 2607 50108f9d07be4a9905432c28f0fbba9e installed
python2-rpm-macros-3-17.el7.noarch 1489088731 1495 d38a554f5e4f80c21d5fd5fee16394b0 installed
perl-srpm-macros-1-8.el7.noarch 1402343091 794 6bd0791a143b53addc95cbeb050859c8 installed
tzdata-2017c-1.el7.noarch 1508929896 1924552 63e1326db2fe9e7424e87e600a4392d1 installed
glibc-common-2.17-196.el7.x86_64 1501621762 120296447 0a64edea01160ae793e2010d105de658 installed
nspr-4.13.1-1.0.el7_3.x86_64 1488996099 287576 44e3e03656aa32d159c6f377ac319fbb installed
ncurses-libs-5.9-14.20130511.el7_4.x86_64 1504735709 1028216 bba677eda5184b5127b7817d2c1dec12 installed
libsepol-2.5-6.el7.x86_64 1478393742 661232 af97c3a6c98879b6d1b3894090472b69 installed
libselinux-2.5-11.el7.x86_64 1501741146 217762 32a49761befa165bf82705df88250dac installed
info-5.1-4.el7.x86_64 1402392124 494499 70ce7e97e911464ab4c4abeacfaad3ee installed
xz-libs-5.2.2-1.el7.x86_64 1478359687 239967 7701c542dc8fcd5a38ee52e8786d7cf4 installed
libdb-5.3.21-20.el7.x86_64 1502046162 1858000 82e6968b1af95362e9b526c4c02e755c installed
gmp-1:6.0.0-15.el7.x86_64 1501722795 657046 4cd60ebf94766a46c590e17036ece777 installed
readline-6.2-10.el7.x86_64 1501663464 460464 b552128087365a58b3566631c678752f installed
libacl-2.2.51-12.el7.x86_64 1402389808 37056 44982295523df19df53fb78fc17fe447 installed
lua-5.1.4-15.el7.x86_64 1478400455 640319 d5973eb7ca2bb665f5fbb7141f2e27a3 installed
mpfr-3.1.1-4.el7.x86_64 1402362714 554279 4cedb227fd4730529b0874792007692b installed
libffi-3.0.13-18.el7.x86_64 1478363428 47766 f05f7a3749342b925fa10ca7de2f0116 installed
libmpc-1.0.1-3.el7.x86_64 1402343098 113833 835abbe42dbf1e0f94d227d54c01f483 installed
file-libs-5.11-33.el7.x86_64 1478376472 3077690 14a5e5d0610ce2de13f59b3996fa21ba installed
libuuid-2.23.2-43.el7.x86_64 1501845541 20254 d62fd9c78dcd6e04d2a799f809e5203a installed
p11-kit-0.23.5-3.el7.x86_64 1501889820 1337825 9a0f49ca3b6d58aeb05780003cae38f1 installed
nss-softokn-3.28.3-8.el7_4.x86_64 1504704899 1113662 354bef30b2930752254d2a2af67b1ab0 installed
findutils-1:4.5.11-5.el7.x86_64 1448017218 1855626 2d571b503447f5ce47a4767f6a7e1986 installed
expat-2.1.0-10.el7_3.x86_64 1480372020 208315 9c5fdceee3715ad8a1b3a9dd711d5b79 installed
audit-libs-2.7.6-3.el7.x86_64 1501882181 247962 df149b5e548b262f0d4bdc68fd85d5bd installed
cpp-4.8.5-16.el7.x86_64 1501614039 15648853 d539a7314cda46776e549bd67deb617d installed
groff-base-1.22.2-8.el7.x86_64 1402345046 3453946 591d2a12420abc9fa9934414fc0987f4 installed
perl-HTTP-Tiny-0.033-3.el7.noarch 1402347217 97210 6133c7c1aee2bfeee269de4592b25884 installed
perl-Pod-Perldoc-3.20-4.el7.noarch 1402388270 166910 29a8a33b24ddf4e0e95ad8d2484cc277 installed
perl-Text-ParseWords-3.29-4.el7.noarch 1402348486 16431 58a96328cb0e6dd435d15af542467a38 installed
perl-Pod-Usage-1.63-3.el7.noarch 1402390579 44671 1db34851ba13011739022f031438e15c installed
perl-macros-4:5.16.3-292.el7.x86_64 1501696144 5134 d5afb957a1d5e304d6c7f8a26954710e installed
perl-Time-HiRes-4:1.9725-3.el7.x86_64 1402343844 94069 43f7c93d02750221738a8c3bc845a1ca installed
perl-Storable-2.45-3.el7.x86_64 1402367398 181031 25787b4b609f3ee50d1c7f33d29e0102 installed
perl-Filter-1.49-3.el7.x86_64 1402353954 148475 66b1205b2eef2a89137e530741ed3710 installed
perl-constant-1.27-2.el7.noarch 1402368682 26364 f3ecfa1ce48e13496322e341a3f0b72c installed
perl-threads-shared-1.43-6.el7.x86_64 1402380447 73972 cd3e1ec9dfe8b5e9121fcd53b41aa197 installed
perl-File-Path-2.09-2.el7.noarch 1402361289 50067 94d54ef6ce6893ae2a4400c4b0ce79b7 installed
perl-Scalar-List-Utils-1.27-248.el7.x86_64 1402358220 67994 2fb261c150fc06b1a978809c5a9c706e installed
perl-Getopt-Long-2.40-2.el7.noarch 1402355518 134846 d55caf6c69d77039753a6b5243ec6f64 installed
perl-Thread-Queue-3.02-2.el7.noarch 1402347633 27642 29d052232cb1b86133bd838739672a15 installed
tar-2:1.26-32.el7.x86_64 1501691444 2838080 f3bf087989a90f3fc71787faad79cccb installed
dwz-0.11-3.el7.x86_64 1402363547 225103 28a047bc76d0ad80e6938a94898129ca installed
libdb-utils-5.3.21-20.el7.x86_64 1502046162 326403 8d8fbe1c90574fa834ddaf49ee0b8469 installed
xz-5.2.2-1.el7.x86_64 1478359687 798130 3e6f05008f7af7931aa8257964527f1a installed
bzip2-1.0.6-13.el7.x86_64 1447995892 83791 704f597825711270b0ba2af51bebecae installed
libidn-1.28-4.el7.x86_64 1448125248 630407 3d582106ac1032c59c1cd4236e5d6415 installed
cpio-2.11-25.el7_4.x86_64 1504717132 684486 10d76fd6c86899b876569a424cd7b27d installed
glibc-headers-2.17-196.el7.x86_64 1501621762 2342168 7e5a344915f712ab69be571758e701e4 installed
elfutils-default-yama-scope-0.168-8.el7.noarch 1501842696 1810 6cc2edb1e5c2d040ca7537a62eb68345 installed
elfutils-0.168-8.el7.x86_64 1501842696 777205 d4c1d589ff0062e34d3c49aa052ad8a3 installed
libstdc++-devel-4.8.5-16.el7.x86_64 1501614039 8436525 e412991c7e1e527f22ad389914939ffc installed
ustr-1.0.4-16.el7.x86_64 1402344766 285943 58bb2ebb64b048e24a4c7d5d51170f55 installed
libtasn1-4.10-1.el7.x86_64 1501633297 424486 5bd1b0b4094fac08713f986572a8625e installed
ca-certificates-2017.2.14-71.el7.noarch 1502065385 1241960 860226226f6f48c6df2116ddc833132e installed
krb5-libs-1.15.1-8.el7.x86_64 1501803657 1988838 93754a1e815bf3d9d91f7dd4f6f5e8b0 installed
coreutils-8.22-18.el7.x86_64 1478378988 14589167 78b61584a4cd0d980d4162b1f0ca9851 installed
libmount-2.23.2-43.el7.x86_64 1501845541 269765 b901b747bf813ef50a0b17de812af420 installed
shared-mime-info-1.8-3.el7.x86_64 1501739233 2379317 39b4326b5abb2eb51a6bb52265b59eb9 installed
cracklib-2.9.0-11.el7.x86_64 1402378933 209610 a973d883d6785904e49266428bb3ed90 installed
python-libs-2.7.5-58.el7.x86_64 1501809001 24704505 3b226a06ff2dee161d070904cd0a541c installed
gcc-4.8.5-16.el7.x86_64 1501614039 39248070 be69391c57f9c24c6f793210d9fcd40c installed
libpwquality-1.2.3-4.el7.x86_64 1402364696 332381 d738d3b86d5e1eb3f650eb84bce6bb7b installed
systemd-libs-219-42.el7_4.4.x86_64 1508468863 1075488 eec8612a4aedfc8e227c64a67cc69132 installed
nss-pem-1.0.3-4.el7.x86_64 1501798557 201219 95cf0973322bf389a612fdbd1e3a6627 installed
nss-sysinit-3.28.4-15.el7_4.x86_64 1508443391 13980 6686b877671c8682bd3b36f3673ddca4 installed
shadow-utils-2:4.1.5.1-24.el7.x86_64 1478377031 3534490 19741e43ee0b142d310393848d75239f installed
libssh2-1.4.3-10.el7_2.1.x86_64 1457611554 341782 8ee7c5f75e2a2c85536f0f2282347545 installed
curl-7.29.0-42.el7.x86_64 1501755700 540028 5c0bcc3364a73115a169ff2d42f34bb6 installed
rpm-4.11.3-25.el7.x86_64 1501732099 2621855 6a8bcea4f1d4e15ef0920aa0187a756a installed
libuser-0.60-7.el7_1.x86_64 1437736511 1954088 600dac5b8b35a4b02ebf86f517961d6a installed
pth-2.0.7-23.el7.x86_64 1448007112 267851 2d6939b73767d0f96b02677bcbeef2e2 installed
rpm-build-libs-4.11.3-25.el7.x86_64 1501732099 166656 433d4499c0945fa4d446cba0588b3f12 installed
util-linux-2.23.2-43.el7.x86_64 1501845541 8508103 053521f280a5b83aad9f398c3e719a4e installed
python-2.7.5-58.el7.x86_64 1501809001 80827 9c56183228c26988aed76e4363b81e77 installed
make-1:3.82-23.el7.x86_64 1478384149 1160684 9e5ab17428b36e59a9d071c1fd1c81de installed
epel-release-7-11.noarch 1506966358 24834 049a2f5109a5050367cc4a8ae8f62c33 installed
jbigkit-libs-2.0-11.el7.x86_64 1402392685 105882 1ed20c50fdc4614601403474e8240db8 installed
freetype-2.4.11-15.el7.x86_64 1501675560 898651 af5679e95d774e7af5b63898f3a4f2d6 installed
python-pillow-2.0.0-19.gitd1c6db8.el7.x86_64 1447989840 1582476 b32c7230fb8bd8dac836e7fcbcef665e installed
nethserver-devtools-1.2.1-1.ns7.noarch 1510311333 48414 9e3ed235011c9c5a6d274319d4215018 installed
libgcc-4.8.5-16.el7.x86_64 1501614039 179272 b98ced422c1ccc8c65db759629b92ad5 installed
setup-2.8.71-7.el7.noarch 1478366376 696715 b892b51cef13214450fc98e74fa5bfce installed
python-srpm-macros-3-17.el7.noarch 1489088731 2285 9f05436a409ffed491e4f387425ce1b9 installed
basesystem-10.0-7.el7.centos.noarch 1403865430 0 778eb3d19a934f42d1354ed795d06b4f installed
ncurses-base-5.9-14.20130511.el7_4.noarch 1504735709 223432 c955fdfe1f8f20b1053a34918e44bd58 installed
kernel-headers-3.10.0-693.5.2.el7.x86_64 1508536246 3664614 e1b4081005740a1888c973f0e0e35537 installed
nss-softokn-freebl-3.28.3-8.el7_4.x86_64 1504704899 540716 6ce586b691b05ca23e474cfa72e21c6f installed
glibc-2.17-196.el7.x86_64 1501621762 14107776 d12eebea16531ad818bb73188be65d5f installed
libstdc++-4.8.5-16.el7.x86_64 1501614039 1081666 419ce2e07ac0dbff618edb6a58c4d739 installed
bash-4.2.46-29.el7_4.x86_64 1504715268 3663773 142f6ca9298005e31bf774f5b0744348 installed
pcre-8.32-17.el7.x86_64 1501643292 1475532 04a1926cc29eef0f79f8183eb7907024 installed
zlib-1.2.7-17.el7.x86_64 1478369355 185710 505b6038db14d2b7d58c5721126cb11c installed
bzip2-libs-1.0.6-13.el7.x86_64 1447995892 70093 0486f0b02e0caa4195761266798e7a26 installed
nss-util-3.28.4-3.el7.x86_64 1501825379 186216 c1ada24fb7de8435a5eb81a57daf7d6c installed
elfutils-libelf-0.168-8.el7.x86_64 1501842696 934111 18306b165257a27a5596d93996d83b8f installed
popt-1.13-16.el7.x86_64 1402373003 88516 87f5d6bac8f205fb14e2072e4b47ce23 installed
libattr-2.4.46-12.el7.x86_64 1402374817 19888 fa44059a105afff00526ef445e133015 installed
libcap-2.22-9.el7.x86_64 1501701479 111445 b4cc4b26a62dbbd66143755c54a59938 installed
chkconfig-1.7.4-1.el7.x86_64 1501854351 779531 e126177e9ac5841deca96f4e15340613 installed
sed-4.2.2-5.el7.x86_64 1402362115 601208 4d696dbd3061493258490f40c625adba installed
libgpg-error-1.12-3.el7.x86_64 1402390008 350865 a3933d4ce43c07fa9305e8765d78d099 installed
grep-2.20-3.el7.x86_64 1501743524 1195131 92bc957d1c4fc3764e134d8f82544abe installed
libcom_err-1.42.9-10.el7.x86_64 1501730962 60417 64bf9eacae3fbcac7041f93c5bde0438 installed
libgcrypt-1.5.3-14.el7.x86_64 1501689307 597727 88c64dc7c3aed6a156e4dee5def38300 installed
sqlite-3.7.17-8.el7.x86_64 1448009159 814231 0ceb9434c5a9d281399583087cfe889b installed
gawk-4.0.2-4.el7_3.1.x86_64 1498686770 2435978 5efa8feaeb12d57cda1a9bcd9c8af917 installed
gdbm-1.10-8.el7.x86_64 1402349948 184322 770bd49f3898dc1cc831fb9ec12d569a installed
libcap-ng-0.7.5-4.el7.x86_64 1448001510 50510 84efa5ca78408f78e606e7c8d1816759 installed
file-5.11-33.el7.x86_64 1478376472 67368 ae13ac73670dce99cb41df4e1127e819 installed
libassuan-2.1.0-3.el7.x86_64 1402341240 155391 c4c94aadc9da58f576b4ef238d0136cb installed
perl-parent-1:0.225-244.el7.noarch 1402384520 8141 d902f1a3426caa19ccbccf09263c54f6 installed
perl-podlators-2.5.1-3.el7.noarch 1402343776 287679 8e070dd716e3adf3c297291accaa4348 installed
perl-Pod-Escapes-1:1.04-292.el7.noarch 1501696144 21091 577edc2e8d685356441af06dc27220c0 installed
perl-Encode-2.51-7.el7.x86_64 1402368585 10176350 713ce27ff4434807ff7060b333ed8873 installed
perl-libs-4:5.16.3-292.el7.x86_64 1501696144 1647272 7505ce5dc64c65da532e74d1695add5e installed
perl-Socket-2.010-4.el7.x86_64 1478359491 114497 5cda40abac38b41918352e9c75a1e651 installed
perl-threads-1.87-4.el7.x86_64 1402377734 98615 29739d2f766c8bd85e85de9f8ccb7367 installed
perl-Carp-1.26-244.el7.noarch 1402362759 28276 0f9ffc1d8836311235869048667422e9 installed
perl-Exporter-5.68-3.el7.noarch 1402373350 56612 d6e7deb74b149e4b7aa23a998a127bb4 installed
perl-Time-Local-1.2300-2.el7.noarch 1402342290 44062 8dba0f2d49849dc3990cfc9e91d5ec6b installed
perl-File-Temp-0.23.01-3.el7.noarch 1402383789 158781 396b0a1af3a203e1cb33c98814d5a6d8 installed
perl-PathTools-3.40-5.el7.x86_64 1402373476 174131 c597987071b0f81a0029667e83e1ecae installed
perl-Pod-Simple-1:3.28-4.el7.noarch 1402365613 538320 8e5edeb936a154537062b776eb41cb7d installed
perl-4:5.16.3-292.el7.x86_64 1501696144 23544135 f2377d50ffe8e8be54c569136d212177 installed
pinentry-0.8.1-17.el7.x86_64 1478360967 159929 740fabe008451f11fee22ff086fb13d3 installed
patch-2.7.1-8.el7.x86_64 1402355045 215289 d16dfa08725e47cfafff06d93ed2dddf installed
cyrus-sasl-lib-2.1.26-21.el7.x86_64 1501701278 396919 c4dd6bece871d3c41dd9c617470d6aa5 installed
libxml2-2.9.1-6.el7_2.3.x86_64 1466692601 1710062 e439b8934c4e9576eccfbc60d3cd714f installed
unzip-6.0-16.el7.x86_64 1478364616 373986 9d5da8879446542c8522023f8076cd04 installed
zip-3.0-11.el7.x86_64 1478364595 815173 f49ae6270a053005b67e417123691ca7 installed
libgomp-4.8.5-16.el7.x86_64 1501614039 212144 73b9b4a463ec35e752f920ba6e705b31 installed
diffutils-3.3-4.el7.x86_64 1402384041 1065157 d8c60275b4c6d54e8bf7ee19cf0c4f2b installed
glibc-devel-2.17-196.el7.x86_64 1501621762 1066324 01b688cbe05d78fdf7c7cc28429e79d7 installed
elfutils-libs-0.168-8.el7.x86_64 1501842696 735095 cb139df2cd59bca1f733be1fd100382c installed
ncurses-5.9-14.20130511.el7_4.x86_64 1504735709 439378 8ca93e2831102818759a22e22e871268 installed
libverto-0.2.5-4.el7.x86_64 1402386261 23060 341bae036f22ce087486f4d9e180caee installed
libsemanage-2.5-8.el7.x86_64 1501811279 280833 5cd08fd47573c8e4d1b5dbdebc6914ff installed
p11-kit-trust-0.23.5-3.el7.x86_64 1501889820 437261 2dc2f7ab212401098e8821ce23f21741 installed
keyutils-libs-1.5.8-3.el7.x86_64 1402366675 42138 e31fa37a714787d3d72e0a9316c3a85b installed
openssl-libs-1:1.0.2k-8.el7.x86_64 1501828951 3199756 44bbdc00f7010c7a05fb371ba06c6f7e installed
libblkid-2.23.2-43.el7.x86_64 1501845541 261685 7a5280fc84eed28979d20dffbe4e90f9 installed
glib2-2.50.3-3.el7.x86_64 1501855501 11675108 edc33d20d3fc4eea2d2f5af7bd705b5f installed
gzip-1.5-9.el7.x86_64 1501688983 250054 b4e9b4a9c20cdb7a6ce7823536a33f2d installed
cracklib-dicts-2.9.0-11.el7.x86_64 1402378933 9389116 da657b0facf181893f9a38437092dbbf installed
binutils-2.25.1-32.base.el7_4.1.x86_64 1504716459 23170935 a51338a2304d04653ad7ca9929c9bf21 installed
gdb-7.6.1-100.el7.x86_64 1501887727 7357906 e55a6612f0a7ba3304159e792b5665c2 installed
pam-1.1.8-18.el7.x86_64 1478387660 2625254 91ef11e8dd4b6d5b2774cdb760eb51fd installed
pkgconfig-1:0.27.1-4.el7.x86_64 1402351548 105522 ef58117c9c617599952c0642ff5e8d00 installed
nss-3.28.4-15.el7_4.x86_64 1508443391 2501949 1e9d8903fa2263bed0f947ac2436df13 installed
nss-tools-3.28.4-15.el7_4.x86_64 1508443391 1990753 c4c576b543642924baacf8452bf43baf installed
libutempter-1.1.6-4.el7.x86_64 1402365826 49749 8e28747e6a84b84af7d78c84cd8cd5e8 installed
libcurl-7.29.0-42.el7.x86_64 1501755700 435128 cbae0350ebfdb15c0c32a4541f30ef34 installed
rpm-libs-4.11.3-25.el7.x86_64 1501732099 607176 303c99dd8ab73e4ce557f958a8a00289 installed
openldap-2.4.44-5.el7.x86_64 1501856659 1028725 caf8a1d7a070b47f3d6022e1641b906d installed
redhat-rpm-config-9.1.0-76.el7.centos.noarch 1501730106 171412 2e3af4836f0a197a99162fa8f953b83d installed
gnupg2-2.0.22-4.el7.x86_64 1478362097 6644890 d8b66968ccb3108f3f1fee971a11c083 installed
rpm-build-4.11.3-25.el7.x86_64 1501732099 327797 62ade8ff562a4ac0445a143e170599a1 installed
gcc-c++-4.8.5-16.el7.x86_64 1501614039 17260597 a02e6fb2b4d4ff56e040c57aab821da6 installed
which-2.20-7.el7.x86_64 1402367122 76962 5b0eff1739daa46a80e9908f39167c29 installed
epel-rpm-macros-7-13.noarch 1481837374 19238 dbb70e20a1fab81c2c71e595ca5679cd installed
libjpeg-turbo-1.2.90-5.el7.x86_64 1402372132 350387 1d2c614633ad5fa7ad8e48cdd1651a67 installed
libtiff-4.0.3-27.el7_3.x86_64 1485951841 494377 8555f1bc1831d96717174589ae1922ec installed
libwebp-0.3.0-7.el7.x86_64 1501678575 379925 ad6a2d08431f924c1be0ff32e5623b8f installed
python-docutils-0.11-0.2.20130715svn7687.el7.noarch 1402345655 6126557 600efe7c1517af126692a8e268d5d3fc installed
