2017-11-17 22:42:13,930 - Mock Version: 1.4.6
2017-11-17 22:42:14,468 - Start: yum update
2017-11-17 22:42:22,412 - Finish: yum update
2017-11-17 22:42:22,427 - Finish: chroot init
2017-11-17 22:42:22,433 - Start: buildsrpm
2017-11-17 22:42:22,452 - Start: rpmbuild -bs
2017-11-17 22:42:22,634 - Finish: rpmbuild -bs
2017-11-17 22:42:22,642 - Finish: buildsrpm
2017-11-17 22:42:22,643 - Start: clean chroot
2017-11-17 22:42:27,214 - Finish: clean chroot
2017-11-17 22:42:27,216 - Finish: run
2017-11-17 22:42:31,917 - Mock Version: 1.4.6
2017-11-17 22:42:32,314 - Start: yum update
2017-11-17 22:42:34,602 - Finish: yum update
2017-11-17 22:42:34,615 - Finish: chroot init
2017-11-17 22:42:34,618 - Start: build phase for nethserver-omd-0.1.0-1.ns7.src.rpm
2017-11-17 22:42:34,620 - Start: build setup for nethserver-omd-0.1.0-1.ns7.src.rpm
2017-11-17 22:42:36,695 - Finish: build setup for nethserver-omd-0.1.0-1.ns7.src.rpm
2017-11-17 22:42:36,695 - Start: rpmbuild nethserver-omd-0.1.0-1.ns7.src.rpm
2017-11-17 22:42:36,697 - Start: Outputting list of installed packages
2017-11-17 22:42:36,879 - Finish: Outputting list of installed packages
2017-11-17 22:42:37,280 - Finish: rpmbuild nethserver-omd-0.1.0-1.ns7.src.rpm
2017-11-17 22:42:37,284 - Finish: build phase for nethserver-omd-0.1.0-1.ns7.src.rpm
2017-11-17 22:42:37,285 - Start: clean chroot
2017-11-17 22:42:42,079 - Finish: clean chroot
2017-11-17 22:42:42,082 - Finish: run
